<?xml version="1.0" encoding="UTF-8" ?>
<testsuite errors="0" failures="0" hostname="MacBook-Pro.local" name="ShootingCheckTest" skipped="0" tests="1" time="0.311" timestamp="2020-10-07T18:59:51">
  <properties>
    <property name="ant.library.dir" value="/usr/local/Cellar/ant/1.10.8_1/libexec/lib" />
    <property name="ant.file.type" value="file" />
    <property name="java.specification.version" value="14" />
    <property name="ant.project.name" value="Lab03mspi" />
    <property name="ant.file.type.Lab03mspi" value="file" />
    <property name="sun.jnu.encoding" value="UTF-8" />
    <property name="java.class.path" value="/Users/glebshishkov/Desktop/lab_04_mspi/build/classes:/Users/glebshishkov/Desktop/lab_04_mspi/lib/junit-4.12.jar:/Users/glebshishkov/Desktop/lab_04_mspi/lib/hamcrest-core-1.3.jar:/usr/local/Cellar/ant/1.10.8_1/libexec/lib/junit-4.12.jar:/usr/local/Cellar/ant/1.10.8_1/libexec/lib/ant-launcher.jar:/usr/local/Cellar/ant/1.10.8_1/libexec/lib/ant.jar:/usr/local/Cellar/ant/1.10.8_1/libexec/lib/ant-junit.jar:/usr/local/Cellar/ant/1.10.8_1/libexec/lib/ant-junit4.jar" />
    <property name="java.vm.vendor" value="Oracle Corporation" />
    <property name="sun.arch.data.model" value="64" />
    <property name="java.vendor.url" value="https://openjdk.java.net/" />
    <property name="os.name" value="Mac OS X" />
    <property name="java.vm.specification.version" value="14" />
    <property name="srcdir" value="src" />
    <property name="sun.java.launcher" value="SUN_STANDARD" />
    <property name="user.country" value="RU" />
    <property name="sun.boot.library.path" value="/usr/local/Cellar/openjdk/14.0.1/libexec/openjdk.jdk/Contents/Home/lib" />
    <property name="classesdir" value="build/classes" />
    <property name="sun.java.command" value="org.apache.tools.ant.taskdefs.optional.junit.JUnitTestRunner ShootingCheckTest skipNonTests=false filtertrace=true haltOnError=false haltOnFailure=false formatter=org.apache.tools.ant.taskdefs.optional.junit.SummaryJUnitResultFormatter showoutput=false outputtoformatters=true logfailedtests=true threadid=0 logtestlistenerevents=false formatter=org.apache.tools.ant.taskdefs.optional.junit.XMLJUnitResultFormatter,/Users/glebshishkov/Desktop/lab_04_mspi/reports/TEST-ShootingCheckTest.xml crashfile=/Users/glebshishkov/Desktop/lab_04_mspi/junitvmwatcher15178207015622614792.properties propsfile=/Users/glebshishkov/Desktop/lab_04_mspi/junit417528371742200647.properties" />
    <property name="hamcrest-core" value="lib/hamcrest-core-1.3.jar" />
    <property name="http.nonProxyHosts" value="local|*.local|169.254/16|*.169.254/16" />
    <property name="jdk.debug" value="release" />
    <property name="sun.cpu.endian" value="little" />
    <property name="user.home" value="/Users/glebshishkov" />
    <property name="user.language" value="en" />
    <property name="libdir" value="lib" />
    <property name="java.specification.vendor" value="Oracle Corporation" />
    <property name="java.version.date" value="2020-04-14" />
    <property name="java.home" value="/usr/local/Cellar/openjdk/14.0.1/libexec/openjdk.jdk/Contents/Home" />
    <property name="file.separator" value="/" />
    <property name="ant.file.Lab03mspi" value="/Users/glebshishkov/Desktop/lab_04_mspi/build.xml" />
    <property name="basedir" value="/Users/glebshishkov/Desktop/lab_04_mspi" />
    <property name="java.vm.compressedOopsMode" value="Zero based" />
    <property name="line.separator" value="&#xa;" />
    <property name="ant.java.version" value="14" />
    <property name="java.vm.specification.vendor" value="Oracle Corporation" />
    <property name="java.specification.name" value="Java Platform API Specification" />
    <property name="reportsdir" value="reports" />
    <property name="sun.management.compiler" value="HotSpot 64-Bit Tiered Compilers" />
    <property name="ftp.nonProxyHosts" value="local|*.local|169.254/16|*.169.254/16" />
    <property name="java.runtime.version" value="14.0.1+14" />
    <property name="user.name" value="glebshishkov" />
    <property name="ant.file" value="/Users/glebshishkov/Desktop/lab_04_mspi/build.xml" />
    <property name="path.separator" value=":" />
    <property name="os.version" value="10.15.7" />
    <property name="java.runtime.name" value="OpenJDK Runtime Environment" />
    <property name="file.encoding" value="UTF-8" />
    <property name="ant.project.invoked-targets" value="test" />
    <property name="java.vm.name" value="OpenJDK 64-Bit Server VM" />
    <property name="ant.core.lib" value="/usr/local/Cellar/ant/1.10.8_1/libexec/lib/ant.jar" />
    <property name="java.vendor.url.bug" value="https://bugreport.java.com/bugreport/" />
    <property name="junit" value="lib/junit-4.12.jar" />
    <property name="java.io.tmpdir" value="/var/folders/wm/jk48mlc51glbznc_sspk41580000gn/T/" />
    <property name="java.version" value="14.0.1" />
    <property name="user.dir" value="/Users/glebshishkov/Desktop/lab_04_mspi" />
    <property name="builddir" value="build" />
    <property name="os.arch" value="x86_64" />
    <property name="java.vm.specification.name" value="Java Virtual Machine Specification" />
    <property name="ant.home" value="/usr/local/Cellar/ant/1.10.8_1/libexec" />
    <property name="ant.version" value="Apache Ant(TM) version 1.10.8 compiled on May 10 2020" />
    <property name="java.library.path" value="/Users/glebshishkov/Library/Java/Extensions:/Library/Java/Extensions:/Network/Library/Java/Extensions:/System/Library/Java/Extensions:/usr/lib/java:." />
    <property name="java.vm.info" value="mixed mode, sharing" />
    <property name="java.vendor" value="N/A" />
    <property name="java.vm.version" value="14.0.1+14" />
    <property name="sun.io.unicode.encoding" value="UnicodeBig" />
    <property name="build.number" value="0" />
    <property name="socksNonProxyHosts" value="local|*.local|169.254/16|*.169.254/16" />
    <property name="java.class.version" value="58.0" />
    <property name="ant.project.default-target" value="run" />
  </properties>
  <testcase classname="ShootingCheckTest" name="checkDotZeroRadiusTest" time="0.001" />
  <system-out><![CDATA[]]></system-out>
  <system-err><![CDATA[]]></system-err>
</testsuite>
